<?xml version="1.0" encoding="UTF-8"?>
<testsuite xmlns:xsi="http://www.w3.org/2001/XMLSchema-instance" xsi:noNamespaceSchemaLocation="https://maven.apache.org/surefire/maven-surefire-plugin/xsd/surefire-test-report.xsd" version="3.0.2" name="com.Tech.energy_app.EnergyAppApplicationTests" time="33.024" tests="1" errors="0" skipped="0" failures="0">
  <properties>
[...]
</properties>
  <testcase name="contextLoads" classname="com.Tech.energy_app.EnergyAppApplicationTests" time="1.375">
    <system-out><![CDATA[02:00:40.140 [main] INFO org.springframework.test.context.support.AnnotationConfigContextLoaderUtils -- Could not detect default configuration classes for test class [com.Tech.energy_app.EnergyAppApplicationTests]: EnergyAppApplicationTests does not declare any static, non-private, non-final, nested classes annotated with @Configuration.
02:00:40.727 [main] INFO org.springframework.boot.test.context.SpringBootTestContextBootstrapper -- Found @SpringBootConfiguration com.Tech.energy_app.EnergyAppApplication for test class com.Tech.energy_app.EnergyAppApplicationTests

  .   ____          _            __ _ _
 /\\ / ___'_ __ _ _(_)_ __  __ _ \ \ \ \
( ( )\___ | '_ | '_| | '_ \/ _` | \ \ \ \
 \\/  ___)| |_)| | | | | || (_| |  ) ) ) )
  '  |____| .__|_| |_|_| |_\__, | / / / /
 =========|_|==============|___/=/_/_/_/

 :: Spring Boot ::                (v3.5.5)

2025-09-17T02:00:43.156-05:00  INFO 17884 --- [EnergyApp] [           main] c.T.e.EnergyAppApplicationTests          : Starting EnergyAppApplicationTests using Java 17.0.4.1 with PID 17884 (started by Cj Zuleta in C:\Users\cristian zuleta\Documents\NetBeansProjects\energy-app)
2025-09-17T02:00:43.159-05:00  INFO 17884 --- [EnergyApp] [           main] c.T.e.EnergyAppApplicationTests          : No active profile set, falling back to 1 default profile: "default"
2025-09-17T02:00:47.293-05:00  INFO 17884 --- [EnergyApp] [           main] .s.d.r.c.RepositoryConfigurationDelegate : Bootstrapping Spring Data JPA repositories in DEFAULT mode.
2025-09-17T02:00:47.771-05:00  INFO 17884 --- [EnergyApp] [           main] .s.d.r.c.RepositoryConfigurationDelegate : Finished Spring Data repository scanning in 381 ms. Found 3 JPA repository interfaces.
2025-09-17T02:00:51.009-05:00  INFO 17884 --- [EnergyApp] [           main] o.hibernate.jpa.internal.util.LogHelper  : HHH000204: Processing PersistenceUnitInfo [name: default]
2025-09-17T02:00:51.307-05:00  INFO 17884 --- [EnergyApp] [           main] org.hibernate.Version                    : HHH000412: Hibernate ORM core version 6.6.26.Final
2025-09-17T02:00:51.463-05:00  INFO 17884 --- [EnergyApp] [           main] o.h.c.internal.RegionFactoryInitiator    : HHH000026: Second-level cache disabled
2025-09-17T02:00:53.533-05:00  INFO 17884 --- [EnergyApp] [           main] o.s.o.j.p.SpringPersistenceUnitInfo      : No LoadTimeWeaver setup: ignoring JPA class transformer
2025-09-17T02:00:53.774-05:00  INFO 17884 --- [EnergyApp] [           main] com.zaxxer.hikari.HikariDataSource       : HikariPool-1 - Starting...
2025-09-17T02:00:57.514-05:00  INFO 17884 --- [EnergyApp] [           main] com.zaxxer.hikari.pool.HikariPool        : HikariPool-1 - Added connection com.mysql.cj.jdbc.ConnectionImpl@22aee519
2025-09-17T02:00:57.520-05:00  INFO 17884 --- [EnergyApp] [           main] com.zaxxer.hikari.HikariDataSource       : HikariPool-1 - Start completed.
2025-09-17T02:00:58.399-05:00  INFO 17884 --- [EnergyApp] [           main] org.hibernate.orm.connections.pooling    : HHH10001005: Database info:
	Database JDBC URL [Connecting through datasource 'HikariDataSource (HikariPool-1)']
	Database driver: undefined/unknown
	Database version: 8.0.35
	Autocommit mode: undefined/unknown
	Isolation level: undefined/unknown
	Minimum pool size: undefined/unknown
	Maximum pool size: undefined/unknown
2025-09-17T02:01:01.950-05:00  INFO 17884 --- [EnergyApp] [           main] o.h.e.t.j.p.i.JtaPlatformInitiator       : HHH000489: No JTA platform available (set 'hibernate.transaction.jta.platform' to enable JTA platform integration)
2025-09-17T02:01:04.457-05:00  INFO 17884 --- [EnergyApp] [           main] j.LocalContainerEntityManagerFactoryBean : Initialized JPA EntityManagerFactory for persistence unit 'default'
2025-09-17T02:01:07.856-05:00  WARN 17884 --- [EnergyApp] [           main] JpaBaseConfiguration$JpaWebConfiguration : spring.jpa.open-in-view is enabled by default. Therefore, database queries may be performed during view rendering. Explicitly configure spring.jpa.open-in-view to disable this warning
2025-09-17T02:01:08.021-05:00  INFO 17884 --- [EnergyApp] [           main] o.s.b.a.w.s.WelcomePageHandlerMapping    : Adding welcome page: class path resource [static/index.html]
2025-09-17T02:01:11.147-05:00  INFO 17884 --- [EnergyApp] [           main] c.T.e.EnergyAppApplicationTests          : Started EnergyAppApplicationTests in 29.55 seconds (process running for 34.638)
]]></system-out>
  </testcase>
</testsuite>